2025-07-23 01:09:55,177 - INFO - Загрузка данных из ../app/transactions_cleaned.csv
2025-07-23 01:09:55,182 - ERROR - Ошибка: Отсутствуют обязательные колонки: ['client_id', 'recipient_id']
Traceback (most recent call last):
  File "/Users/wray/aml-fraud-detector/fraud-detector/model/train_aml_model.py", line 175, in main
    df = load_and_prepare_data('../app/transactions_cleaned.csv')
  File "/Users/wray/aml-fraud-detector/fraud-detector/model/train_aml_model.py", line 32, in load_and_prepare_data
    raise ValueError(f"Отсутствуют обязательные колонки: {missing_cols}")
ValueError: Отсутствуют обязательные колонки: ['client_id', 'recipient_id']
2025-07-23 01:14:26,308 - INFO - Загрузка данных из ../app/transactions_cleaned.csv
2025-07-23 01:14:26,314 - INFO - Создание признаков...
2025-07-23 01:14:26,326 - INFO - Начало обучения модели...
2025-07-23 01:14:26,494 - INFO - Оценка модели...
2025-07-23 01:14:27,687 - INFO - График важности признаков сохранён
2025-07-23 01:14:27,687 - INFO - Сохранение артефактов...
2025-07-23 01:14:27,690 - ERROR - Ошибка: 'CatBoostClassifier' object has no attribute 'get_scale_pos_weight'
Traceback (most recent call last):
  File "/Users/wray/aml-fraud-detector/fraud-detector/model/train_aml_model.py", line 224, in main
    save_artifacts(model, features)
    ~~~~~~~~~~~~~~^^^^^^^^^^^^^^^^^
  File "/Users/wray/aml-fraud-detector/fraud-detector/model/train_aml_model.py", line 195, in save_artifacts
    'scale_pos_weight': model.get_scale_pos_weight()
                        ^^^^^^^^^^^^^^^^^^^^^^^^^^
AttributeError: 'CatBoostClassifier' object has no attribute 'get_scale_pos_weight'
2025-07-23 01:16:41,225 - INFO - Загрузка данных из ../app/transactions_cleaned.csv
2025-07-23 01:16:41,231 - INFO - Создание признаков...
2025-07-23 01:16:41,244 - INFO - Начало обучения модели...
2025-07-23 01:16:41,407 - INFO - Оценка модели...
2025-07-23 01:16:41,704 - INFO - График важности признаков сохранён
2025-07-23 01:16:41,705 - INFO - Сохранение артефактов...
2025-07-23 01:16:41,708 - INFO - Артефакты модели сохранены
2025-07-23 01:16:41,708 - INFO - Обучение завершено успешно!
2025-07-23 01:19:41,960 - INFO - Загрузка данных из ../app/transactions_cleaned.csv
2025-07-23 01:19:41,966 - INFO - Создание признаков...
2025-07-23 01:19:41,979 - INFO - Начало обучения модели...
2025-07-23 01:19:42,140 - INFO - Оценка модели...
2025-07-23 01:19:43,094 - INFO - Улучшенный график важности признаков сохранён
2025-07-23 01:19:43,095 - INFO - Сохранение артефактов...
2025-07-23 01:19:43,101 - INFO - Артефакты модели сохранены
2025-07-23 01:19:43,101 - INFO - Обучение завершено успешно!
2025-07-23 01:22:34,073 - INFO - Загрузка данных из ../app/transactions_cleaned.csv
2025-07-23 01:22:34,080 - INFO - Создание признаков...
2025-07-23 01:22:34,093 - INFO - Начало обучения модели...
2025-07-23 01:22:34,265 - INFO - Оценка модели...
2025-07-23 01:22:34,894 - INFO - Финальная версия графика сохранена
2025-07-23 01:22:34,894 - INFO - Сохранение артефактов...
2025-07-23 01:22:34,898 - INFO - Артефакты модели сохранены
2025-07-23 01:22:34,898 - INFO - Обучение завершено успешно!
